0 info it worked if it ends with ok
1 verbose cli [ '/Users/Admin/.nvm/versions/node/v6.6.0/bin/node',
1 verbose cli   '/Users/Admin/.nvm/versions/node/v6.6.0/bin/npm',
1 verbose cli   'run',
1 verbose cli   'test' ]
2 info using npm@3.10.3
3 info using node@v6.6.0
4 verbose run-script [ 'pretest', 'test', 'posttest' ]
5 info lifecycle saleforce-prime-numbers@1.0.0~pretest: saleforce-prime-numbers@1.0.0
6 silly lifecycle saleforce-prime-numbers@1.0.0~pretest: no script for pretest, continuing
7 info lifecycle saleforce-prime-numbers@1.0.0~test: saleforce-prime-numbers@1.0.0
8 verbose lifecycle saleforce-prime-numbers@1.0.0~test: unsafe-perm in lifecycle true
9 verbose lifecycle saleforce-prime-numbers@1.0.0~test: PATH: /Users/Admin/.nvm/versions/node/v6.6.0/lib/node_modules/npm/bin/node-gyp-bin:/Users/Admin/workspace/personal/saleforce/node_modules/.bin:/Users/Admin/.nvm/versions/node/v6.6.0/bin:/Users/Admin/.nvm/versions/node/v6.6.0/bin:/Users/Admin/.rvm/gems/ruby-2.3.0/bin:/Users/Admin/.rvm/gems/ruby-2.3.0@global/bin:/Users/Admin/.rvm/rubies/ruby-2.3.0/bin:/usr/local/bin:/usr/bin:/bin:/usr/sbin:/sbin:/Users/Admin/.rvm/bin:/Users/Admin/bin
10 verbose lifecycle saleforce-prime-numbers@1.0.0~test: CWD: /Users/Admin/workspace/personal/saleforce
11 silly lifecycle saleforce-prime-numbers@1.0.0~test: Args: [ '-c', 'mocha' ]
12 silly lifecycle saleforce-prime-numbers@1.0.0~test: Returned: code: 1  signal: null
13 info lifecycle saleforce-prime-numbers@1.0.0~test: Failed to exec test script
14 verbose stack Error: saleforce-prime-numbers@1.0.0 test: `mocha`
14 verbose stack Exit status 1
14 verbose stack     at EventEmitter.<anonymous> (/Users/Admin/.nvm/versions/node/v6.6.0/lib/node_modules/npm/lib/utils/lifecycle.js:242:16)
14 verbose stack     at emitTwo (events.js:106:13)
14 verbose stack     at EventEmitter.emit (events.js:191:7)
14 verbose stack     at ChildProcess.<anonymous> (/Users/Admin/.nvm/versions/node/v6.6.0/lib/node_modules/npm/lib/utils/spawn.js:40:14)
14 verbose stack     at emitTwo (events.js:106:13)
14 verbose stack     at ChildProcess.emit (events.js:191:7)
14 verbose stack     at maybeClose (internal/child_process.js:877:16)
14 verbose stack     at Process.ChildProcess._handle.onexit (internal/child_process.js:226:5)
15 verbose pkgid saleforce-prime-numbers@1.0.0
16 verbose cwd /Users/Admin/workspace/personal/saleforce
17 error Darwin 15.6.0
18 error argv "/Users/Admin/.nvm/versions/node/v6.6.0/bin/node" "/Users/Admin/.nvm/versions/node/v6.6.0/bin/npm" "run" "test"
19 error node v6.6.0
20 error npm  v3.10.3
21 error code ELIFECYCLE
22 error saleforce-prime-numbers@1.0.0 test: `mocha`
22 error Exit status 1
23 error Failed at the saleforce-prime-numbers@1.0.0 test script 'mocha'.
23 error Make sure you have the latest version of node.js and npm installed.
23 error If you do, this is most likely a problem with the saleforce-prime-numbers package,
23 error not with npm itself.
23 error Tell the author that this fails on your system:
23 error     mocha
23 error You can get information on how to open an issue for this project with:
23 error     npm bugs saleforce-prime-numbers
23 error Or if that isn't available, you can get their info via:
23 error     npm owner ls saleforce-prime-numbers
23 error There is likely additional logging output above.
24 verbose exit [ 1, true ]
